pygame 2.0.1 (SDL 2.0.14, Python 3.9.1)
Hello from the pygame community. https://www.pygame.org/contribute.html
[(100, 1100), (100, 2100), (100, 3100), (100, 4100), (100, 5100), (100, 6100), (100, 7100), (100, 8100), (100, 9100), (100, 10100), (100, 11100), (100, 12100), (100, 13100), (100, 14100), (100, 15100), (100, 16100), (100, 17100), (100, 18100), (100, 19100), (100, 20100), (100, 21100), (100, 22100), (100, 23100), (100, 24100), (100, 25100), (100, 26100), (100, 27100), (100, 28100), (100, 29100), (100, 30100)]
I see some trash!
No longer see trash!
I see some trash!
No longer see trash!
Trash collection timeout ended, moving on.
Waypoint 1 reached!
Waypoint 2 reached!
I see some trash!
No longer see trash!
I see some trash!
No longer see trash!
I see some trash!
No longer see trash!
I see some trash!
No longer see trash!
I see some trash!
No longer see trash!
I see some trash!
No longer see trash!
I see some trash!
No longer see trash!
I see some trash!
No longer see trash!
I see some trash!
No longer see trash!
I see some trash!
No longer see trash!
I see some trash!
No longer see trash!
I see some trash!
No longer see trash!
I see some trash!
No longer see trash!
I see some trash!
No longer see trash!
I see some trash!
No longer see trash!
I see some trash!
No longer see trash!
I see some trash!
No longer see trash!
Trash collection timeout ended, moving on.
Waypoint 3 reached!
I see some trash!
No longer see trash!
Trash collection timeout ended, moving on.
Waypoint 4 reached!
I see some trash!
No longer see trash!
Trash collection timeout ended, moving on.
Waypoint 5 reached!
Waypoint 6 reached!
Waypoint 7 reached!
Waypoint 8 reached!
I see some trash!
No longer see trash!
I see some trash!
No longer see trash!
I see some trash!
No longer see trash!
I see some trash!
No longer see trash!
I see some trash!
No longer see trash!
I see some trash!
No longer see trash!
I see some trash!
No longer see trash!
I see some trash!
No longer see trash!
I see some trash!
No longer see trash!
I see some trash!
No longer see trash!
I see some trash!
No longer see trash!
I see some trash!
No longer see trash!
I see some trash!
No longer see trash!
I see some trash!
No longer see trash!
I see some trash!
No longer see trash!
I see some trash!
No longer see trash!
I see some trash!
No longer see trash!
I see some trash!
No longer see trash!
I see some trash!
No longer see trash!
I see some trash!
No longer see trash!
Trash collection timeout ended, moving on.
I see some trash!
No longer see trash!
I see some trash!
No longer see trash!
I see some trash!
No longer see trash!
I see some trash!
No longer see trash!
I see some trash!
No longer see trash!
I see some trash!
No longer see trash!
I see some trash!
No longer see trash!
I see some trash!
No longer see trash!
I see some trash!
No longer see trash!
I see some trash!
No longer see trash!
I see some trash!
No longer see trash!
I see some trash!
No longer see trash!
I see some trash!
No longer see trash!
I see some trash!
No longer see trash!
I see some trash!
No longer see trash!
I see some trash!
No longer see trash!
I see some trash!
No longer see trash!
I see some trash!
No longer see trash!
I see some trash!
No longer see trash!
I see some trash!
No longer see trash!
I see some trash!
No longer see trash!
I see some trash!
No longer see trash!
Trash collection timeout ended, moving on.
Waypoint 9 reached!
I see some trash!
No longer see trash!
I see some trash!
No longer see trash!
I see some trash!
No longer see trash!
I see some trash!
No longer see trash!
I see some trash!
No longer see trash!
I see some trash!
No longer see trash!
I see some trash!
No longer see trash!
I see some trash!
No longer see trash!
I see some trash!
No longer see trash!
I see some trash!
No longer see trash!
I see some trash!
No longer see trash!
I see some trash!
No longer see trash!
I see some trash!
No longer see trash!
I see some trash!
No longer see trash!
Trash collection timeout ended, moving on.
Waypoint 10 reached!
I see some trash!
Waypoint 11 reached!
No longer see trash!
Trash collection timeout ended, moving on.
Waypoint 12 reached!
Waypoint 13 reached!
Waypoint 14 reached!
Waypoint 15 reached!
Waypoint 16 reached!
Waypoint 17 reached!
Waypoint 18 reached!
I see some trash!
No longer see trash!
Trash collection timeout ended, moving on.
Waypoint 19 reached!
Waypoint 20 reached!
Waypoint 21 reached!
Waypoint 22 reached!
Waypoint 23 reached!
Waypoint 24 reached!
I see some trash!
No longer see trash!
I see some trash!
No longer see trash!
I see some trash!
No longer see trash!
I see some trash!
No longer see trash!
I see some trash!
No longer see trash!
I see some trash!
No longer see trash!
I see some trash!
No longer see trash!
I see some trash!
No longer see trash!
I see some trash!
No longer see trash!
I see some trash!
No longer see trash!
I see some trash!
No longer see trash!
I see some trash!
No longer see trash!
I see some trash!
No longer see trash!
I see some trash!
No longer see trash!
I see some trash!
No longer see trash!
I see some trash!
No longer see trash!
I see some trash!
No longer see trash!
I see some trash!
No longer see trash!
I see some trash!
No longer see trash!
I see some trash!
No longer see trash!
I see some trash!
No longer see trash!
I see some trash!
No longer see trash!
I see some trash!
No longer see trash!
Trash collection timeout ended, moving on.
Waypoint 25 reached!
I see some trash!
No longer see trash!
I see some trash!
No longer see trash!
I see some trash!
No longer see trash!
I see some trash!
No longer see trash!
I see some trash!
No longer see trash!
I see some trash!
No longer see trash!
I see some trash!
No longer see trash!
I see some trash!
No longer see trash!
I see some trash!
No longer see trash!
I see some trash!
No longer see trash!
I see some trash!
No longer see trash!
I see some trash!
No longer see trash!
I see some trash!
No longer see trash!
I see some trash!
No longer see trash!
I see some trash!
No longer see trash!
I see some trash!
No longer see trash!
I see some trash!
No longer see trash!
I see some trash!
No longer see trash!
I see some trash!
No longer see trash!
I see some trash!
No longer see trash!
I see some trash!
No longer see trash!
I see some trash!
No longer see trash!
I see some trash!
No longer see trash!
I see some trash!
No longer see trash!
I see some trash!
No longer see trash!
I see some trash!
No longer see trash!
I see some trash!
No longer see trash!
I see some trash!
No longer see trash!
I see some trash!
No longer see trash!
I see some trash!
No longer see trash!
I see some trash!
No longer see trash!
I see some trash!
No longer see trash!
I see some trash!
No longer see trash!
I see some trash!
No longer see trash!
I see some trash!
No longer see trash!
I see some trash!
No longer see trash!
I see some trash!
No longer see trash!
I see some trash!
No longer see trash!
I see some trash!
No longer see trash!
Trash volume reached capacity!
Trash collection timeout ended, moving on.
Trash volume reached capacity!
